2015-04-14 15:06:36 =ERROR REPORT====
/Users/davecaos/Code/conferl/src/conferl_domain.erl:32: Error: function get_domain/1 undefined
/Users/davecaos/Code/conferl/src/conferl_domain.erl:54: Error: spec for undefined function conferl_domain:get_domain/1
/Users/davecaos/Code/conferl/src/conferl_domain.erl:57: Error: syntax error before: '...'
/Users/davecaos/Code/conferl/src/conferl_domain.erl:60: Error: syntax error before: '{'
2015-04-14 15:08:40 =ERROR REPORT====
/Users/davecaos/Code/conferl/test/conferl_content_SUITE.erl:19: Error: function end_per_testcase/2 undefined
/Users/davecaos/Code/conferl/test/conferl_content_SUITE.erl:19: Error: function init_per_testcase/2 undefined
/Users/davecaos/Code/conferl/test/conferl_content_SUITE.erl:24: Error: function mal_formed_Url/1 undefined
/Users/davecaos/Code/conferl/test/conferl_content_SUITE.erl:24: Error: function well_formed_Url/1 undefined
/Users/davecaos/Code/conferl/test/conferl_content_SUITE.erl:27: Warning: type config() is unused
/Users/davecaos/Code/conferl/test/conferl_content_SUITE.erl:63: Warning: function doble_registration/1 is unused
/Users/davecaos/Code/conferl/test/conferl_content_SUITE.erl:70: Warning: function fetch_notfound_content/1 is unused
2015-04-14 15:10:29 =ERROR REPORT====
Error loading object code for conferl
2015-04-14 15:10:29 =ERROR REPORT====
Error loading object code for conferl_domain
2015-04-14 15:10:30 =ERROR REPORT====
Error loading object code for conferl_domain_SUITE
2015-04-14 15:10:30 =ERROR REPORT====
Error loading object code for conferl_sup
2015-04-14 15:11:55 =ERROR REPORT====
/Users/davecaos/Code/conferl/test/conferl_content_SUITE.erl:24: Error: function mal_formed_Url/1 undefined
/Users/davecaos/Code/conferl/test/conferl_content_SUITE.erl:24: Error: function well_formed_Url/1 undefined
/Users/davecaos/Code/conferl/test/conferl_content_SUITE.erl:27: Warning: type config() is unused
2015-04-14 15:11:58 =ERROR REPORT====
/Users/davecaos/Code/conferl/test/conferl_content_SUITE.erl:24: Error: function mal_formed_Url/1 undefined
/Users/davecaos/Code/conferl/test/conferl_content_SUITE.erl:24: Error: function well_formed_Url/1 undefined
/Users/davecaos/Code/conferl/test/conferl_content_SUITE.erl:27: Warning: type config() is unused
2015-04-14 15:12:00 =ERROR REPORT====
Error loading object code for conferl
2015-04-14 15:12:00 =ERROR REPORT====
Error loading object code for conferl_domain
2015-04-14 15:12:00 =ERROR REPORT====
Error loading object code for conferl_sup
2015-04-14 15:12:54 =ERROR REPORT====
/Users/davecaos/Code/conferl/test/conferl_domain_SUITE.erl:24: Error: function malformed_Url/1 undefined
/Users/davecaos/Code/conferl/test/conferl_domain_SUITE.erl:24: Error: function wellformed_Url/1 undefined
/Users/davecaos/Code/conferl/test/conferl_domain_SUITE.erl:45: Error: spec for undefined function conferl_domain_SUITE:wellformed_Url/1
/Users/davecaos/Code/conferl/test/conferl_domain_SUITE.erl:46: Warning: function well_formed_Url/1 is unused
/Users/davecaos/Code/conferl/test/conferl_domain_SUITE.erl:53: Error: spec for undefined function conferl_domain_SUITE:malformed_Url/1
/Users/davecaos/Code/conferl/test/conferl_domain_SUITE.erl:54: Warning: function mal_formed_Url/1 is unused
2015-04-14 15:13:18 =ERROR REPORT====
Error loading object code for conferl
2015-04-14 15:13:18 =ERROR REPORT====
Error loading object code for conferl_domain
2015-04-14 15:13:19 =ERROR REPORT====
Error loading object code for conferl_sup
2015-04-14 15:14:03 =ERROR REPORT====
/Users/davecaos/Code/conferl/test/conferl_content_SUITE.erl:24: Error: function mal_formed_Url/1 undefined
/Users/davecaos/Code/conferl/test/conferl_content_SUITE.erl:24: Error: function well_formed_Url/1 undefined
/Users/davecaos/Code/conferl/test/conferl_content_SUITE.erl:27: Warning: type config() is unused
2015-04-14 15:14:08 =ERROR REPORT====
/Users/davecaos/Code/conferl/test/conferl_content_SUITE.erl:24: Error: function mal_formed_Url/1 undefined
/Users/davecaos/Code/conferl/test/conferl_content_SUITE.erl:24: Error: function well_formed_Url/1 undefined
/Users/davecaos/Code/conferl/test/conferl_content_SUITE.erl:27: Warning: type config() is unused
2015-04-14 15:14:11 =ERROR REPORT====
Error loading object code for conferl
2015-04-14 15:14:11 =ERROR REPORT====
Error loading object code for conferl_domain
2015-04-14 15:14:11 =ERROR REPORT====
Error loading object code for conferl_sup
2015-04-14 15:15:02 =ERROR REPORT====
/Users/davecaos/Code/conferl/test/conferl_content_SUITE.erl:24: Warning: type config() is unused
/Users/davecaos/Code/conferl/test/conferl_content_SUITE.erl:0: Recompiled with 1 warnings
2015-04-14 15:15:04 =ERROR REPORT====
Error loading object code for conferl
2015-04-14 15:15:04 =ERROR REPORT====
Error loading object code for conferl_domain
2015-04-14 15:15:04 =ERROR REPORT====
Error loading object code for conferl_sup
2015-04-14 15:15:52 =ERROR REPORT====
/Users/davecaos/Code/conferl/test/conferl_domain_SUITE.erl:24: Error: function malformed_Url/1 undefined
/Users/davecaos/Code/conferl/test/conferl_domain_SUITE.erl:24: Error: function wellformed_Url/1 undefined
/Users/davecaos/Code/conferl/test/conferl_domain_SUITE.erl:45: Error: spec for undefined function conferl_domain_SUITE:wellformedUrl/1
/Users/davecaos/Code/conferl/test/conferl_domain_SUITE.erl:46: Warning: function well_formed_Url/1 is unused
/Users/davecaos/Code/conferl/test/conferl_domain_SUITE.erl:53: Error: spec for undefined function conferl_domain_SUITE:malformedUrl/1
/Users/davecaos/Code/conferl/test/conferl_domain_SUITE.erl:54: Warning: function mal_formed_Url/1 is unused
2015-04-14 15:15:56 =ERROR REPORT====
Error loading object code for conferl
2015-04-14 15:15:56 =ERROR REPORT====
Error loading object code for conferl_content_SUITE
2015-04-14 15:15:56 =ERROR REPORT====
Error loading object code for conferl_domain
2015-04-14 15:15:56 =ERROR REPORT====
Error loading object code for conferl_sup
2015-04-14 15:16:57 =ERROR REPORT====
/Users/davecaos/Code/conferl/test/conferl_domain_SUITE.erl:24: Error: function malformed_Url/1 undefined
/Users/davecaos/Code/conferl/test/conferl_domain_SUITE.erl:24: Error: function wellformed_Url/1 undefined
/Users/davecaos/Code/conferl/test/conferl_domain_SUITE.erl:45: Error: spec for undefined function conferl_domain_SUITE:wellformed_Url/1
/Users/davecaos/Code/conferl/test/conferl_domain_SUITE.erl:46: Warning: function well_formed_Url/1 is unused
/Users/davecaos/Code/conferl/test/conferl_domain_SUITE.erl:53: Error: spec for undefined function conferl_domain_SUITE:malformed_Url/1
/Users/davecaos/Code/conferl/test/conferl_domain_SUITE.erl:54: Warning: function mal_formed_Url/1 is unused
2015-04-14 15:17:07 =ERROR REPORT====
/Users/davecaos/Code/conferl/test/conferl_domain_SUITE.erl:24: Error: function malformed_Url/1 undefined
/Users/davecaos/Code/conferl/test/conferl_domain_SUITE.erl:24: Error: function wellformed_Url/1 undefined
/Users/davecaos/Code/conferl/test/conferl_domain_SUITE.erl:45: Error: spec for undefined function conferl_domain_SUITE:wellformed_Url/1
/Users/davecaos/Code/conferl/test/conferl_domain_SUITE.erl:46: Warning: function well_formed_Url/1 is unused
/Users/davecaos/Code/conferl/test/conferl_domain_SUITE.erl:53: Error: spec for undefined function conferl_domain_SUITE:malformed_Url/1
/Users/davecaos/Code/conferl/test/conferl_domain_SUITE.erl:54: Warning: function mal_formed_Url/1 is unused
2015-04-14 15:17:09 =ERROR REPORT====
Error loading object code for conferl
2015-04-14 15:17:09 =ERROR REPORT====
Error loading object code for conferl_content_SUITE
2015-04-14 15:17:09 =ERROR REPORT====
Error loading object code for conferl_domain
2015-04-14 15:17:09 =ERROR REPORT====
Error loading object code for conferl_sup
2015-04-14 15:18:05 =ERROR REPORT====
/Users/davecaos/Code/conferl/test/conferl_domain_SUITE.erl:19: Error: function malformed_Url/1 undefined
/Users/davecaos/Code/conferl/test/conferl_domain_SUITE.erl:19: Error: function wellformed_Url/1 undefined
/Users/davecaos/Code/conferl/test/conferl_domain_SUITE.erl:43: Error: spec for undefined function conferl_domain_SUITE:wellformed_Url/1
/Users/davecaos/Code/conferl/test/conferl_domain_SUITE.erl:44: Warning: function well_formed_Url/1 is unused
/Users/davecaos/Code/conferl/test/conferl_domain_SUITE.erl:51: Error: spec for undefined function conferl_domain_SUITE:malformed_Url/1
/Users/davecaos/Code/conferl/test/conferl_domain_SUITE.erl:52: Warning: function mal_formed_Url/1 is unused
2015-04-14 15:18:26 =ERROR REPORT====
Error loading object code for conferl
2015-04-14 15:18:26 =ERROR REPORT====
Error loading object code for conferl_content_SUITE
2015-04-14 15:18:26 =ERROR REPORT====
Error loading object code for conferl_domain
2015-04-14 15:18:26 =ERROR REPORT====
Error loading object code for conferl_domain_SUITE
2015-04-14 15:18:26 =ERROR REPORT====
Error loading object code for conferl_sup
